2023/11/11 08:25:57 [notice] 1#1: using the "epoll" event method
2023/11/11 08:25:57 [notice] 1#1: nginx/1.25.3
2023/11/11 08:25:57 [notice] 1#1: built by gcc 12.2.0 (Debian 12.2.0-14) 
2023/11/11 08:25:57 [notice] 1#1: OS: Linux 5.15.90.1-microsoft-standard-WSL2
2023/11/11 08:25:57 [notice] 1#1: getrlimit(RLIMIT_NOFILE): 1048576:1048576
2023/11/11 08:25:57 [notice] 1#1: start worker processes
2023/11/11 08:25:57 [notice] 1#1: start worker process 28
2023/11/11 08:25:57 [notice] 1#1: start worker process 29
2023/11/11 08:25:57 [notice] 1#1: start worker process 30
2023/11/11 08:25:57 [notice] 1#1: start worker process 31
2023/11/11 08:25:57 [notice] 1#1: start worker process 32
2023/11/11 08:25:57 [notice] 1#1: start worker process 33
2023/11/11 08:25:57 [notice] 1#1: start worker process 34
2023/11/11 08:25:57 [notice] 1#1: start worker process 35
2023/11/11 08:25:57 [notice] 1#1: start worker process 36
2023/11/11 08:25:57 [notice] 1#1: start worker process 37
2023/11/11 08:25:57 [notice] 1#1: start worker process 38
2023/11/11 08:25:57 [notice] 1#1: start worker process 39
2023/11/11 08:27:28 [notice] 1#1: signal 3 (SIGQUIT) received, shutting down
2023/11/11 08:27:28 [notice] 28#28: gracefully shutting down
2023/11/11 08:27:28 [notice] 29#29: gracefully shutting down
2023/11/11 08:27:28 [notice] 28#28: exiting
2023/11/11 08:27:28 [notice] 30#30: gracefully shutting down
2023/11/11 08:27:28 [notice] 29#29: exiting
2023/11/11 08:27:28 [notice] 30#30: exiting
2023/11/11 08:27:28 [notice] 31#31: gracefully shutting down
2023/11/11 08:27:28 [notice] 32#32: gracefully shutting down
2023/11/11 08:27:28 [notice] 28#28: exit
2023/11/11 08:27:28 [notice] 33#33: gracefully shutting down
2023/11/11 08:27:28 [notice] 31#31: exiting
2023/11/11 08:27:28 [notice] 32#32: exiting
2023/11/11 08:27:28 [notice] 34#34: gracefully shutting down
2023/11/11 08:27:28 [notice] 30#30: exit
2023/11/11 08:27:28 [notice] 33#33: exiting
2023/11/11 08:27:28 [notice] 29#29: exit
2023/11/11 08:27:28 [notice] 38#38: gracefully shutting down
2023/11/11 08:27:28 [notice] 34#34: exiting
2023/11/11 08:27:28 [notice] 32#32: exit
2023/11/11 08:27:28 [notice] 31#31: exit
2023/11/11 08:27:28 [notice] 38#38: exiting
2023/11/11 08:27:28 [notice] 34#34: exit
2023/11/11 08:27:28 [notice] 33#33: exit
2023/11/11 08:27:28 [notice] 38#38: exit
2023/11/11 08:27:28 [notice] 36#36: gracefully shutting down
2023/11/11 08:27:28 [notice] 36#36: exiting
2023/11/11 08:27:28 [notice] 37#37: gracefully shutting down
2023/11/11 08:27:28 [notice] 37#37: exiting
2023/11/11 08:27:28 [notice] 35#35: gracefully shutting down
2023/11/11 08:27:28 [notice] 36#36: exit
2023/11/11 08:27:28 [notice] 35#35: exiting
2023/11/11 08:27:28 [notice] 37#37: exit
2023/11/11 08:27:28 [notice] 35#35: exit
2023/11/11 08:27:28 [notice] 39#39: gracefully shutting down
2023/11/11 08:27:28 [notice] 39#39: exiting
2023/11/11 08:27:28 [notice] 39#39: exit
2023/11/11 08:27:28 [notice] 1#1: signal 17 (SIGCHLD) received from 29
2023/11/11 08:27:28 [notice] 1#1: worker process 29 exited with code 0
2023/11/11 08:27:28 [notice] 1#1: signal 29 (SIGIO) received
2023/11/11 08:27:28 [notice] 1#1: signal 17 (SIGCHLD) received from 34
2023/11/11 08:27:28 [notice] 1#1: worker process 31 exited with code 0
2023/11/11 08:27:28 [notice] 1#1: worker process 32 exited with code 0
2023/11/11 08:27:28 [notice] 1#1: worker process 34 exited with code 0
2023/11/11 08:27:28 [notice] 1#1: worker process 35 exited with code 0
2023/11/11 08:27:28 [notice] 1#1: worker process 28 exited with code 0
2023/11/11 08:27:28 [notice] 1#1: worker process 37 exited with code 0
2023/11/11 08:27:28 [notice] 1#1: worker process 38 exited with code 0
2023/11/11 08:27:28 [notice] 1#1: signal 29 (SIGIO) received
2023/11/11 08:27:28 [notice] 1#1: signal 17 (SIGCHLD) received from 37
2023/11/11 08:27:28 [notice] 1#1: signal 17 (SIGCHLD) received from 33
2023/11/11 08:27:28 [notice] 1#1: worker process 33 exited with code 0
2023/11/11 08:27:28 [notice] 1#1: worker process 39 exited with code 0
2023/11/11 08:27:28 [notice] 1#1: signal 29 (SIGIO) received
2023/11/11 08:27:28 [notice] 1#1: signal 17 (SIGCHLD) received from 39
2023/11/11 08:27:28 [notice] 1#1: signal 17 (SIGCHLD) received from 36
2023/11/11 08:27:28 [notice] 1#1: worker process 36 exited with code 0
2023/11/11 08:27:28 [notice] 1#1: signal 29 (SIGIO) received
2023/11/11 08:27:28 [notice] 1#1: signal 17 (SIGCHLD) received from 30
2023/11/11 08:27:28 [notice] 1#1: worker process 30 exited with code 0
2023/11/11 08:27:28 [notice] 1#1: exit
2023/11/11 08:42:28 [notice] 1#1: using the "epoll" event method
2023/11/11 08:42:28 [notice] 1#1: nginx/1.25.3
2023/11/11 08:42:28 [notice] 1#1: built by gcc 12.2.0 (Debian 12.2.0-14) 
2023/11/11 08:42:28 [notice] 1#1: OS: Linux 5.15.90.1-microsoft-standard-WSL2
2023/11/11 08:42:28 [notice] 1#1: getrlimit(RLIMIT_NOFILE): 1048576:1048576
2023/11/11 08:42:28 [notice] 1#1: start worker processes
2023/11/11 08:42:28 [notice] 1#1: start worker process 28
2023/11/11 08:42:28 [notice] 1#1: start worker process 29
2023/11/11 08:42:28 [notice] 1#1: start worker process 30
2023/11/11 08:42:28 [notice] 1#1: start worker process 31
2023/11/11 08:42:28 [notice] 1#1: start worker process 32
2023/11/11 08:42:28 [notice] 1#1: start worker process 33
2023/11/11 08:42:28 [notice] 1#1: start worker process 34
2023/11/11 08:42:28 [notice] 1#1: start worker process 35
2023/11/11 08:42:28 [notice] 1#1: start worker process 36
2023/11/11 08:42:28 [notice] 1#1: start worker process 37
2023/11/11 08:42:28 [notice] 1#1: start worker process 38
2023/11/11 08:42:28 [notice] 1#1: start worker process 39
2023/11/11 08:44:19 [notice] 1#1: signal 3 (SIGQUIT) received, shutting down
2023/11/11 08:44:19 [notice] 28#28: gracefully shutting down
2023/11/11 08:44:19 [notice] 29#29: gracefully shutting down
2023/11/11 08:44:19 [notice] 30#30: gracefully shutting down
2023/11/11 08:44:19 [notice] 28#28: exiting
2023/11/11 08:44:19 [notice] 31#31: gracefully shutting down
2023/11/11 08:44:19 [notice] 29#29: exiting
2023/11/11 08:44:19 [notice] 32#32: gracefully shutting down
2023/11/11 08:44:19 [notice] 30#30: exiting
2023/11/11 08:44:19 [notice] 33#33: gracefully shutting down
2023/11/11 08:44:19 [notice] 36#36: gracefully shutting down
2023/11/11 08:44:19 [notice] 31#31: exiting
2023/11/11 08:44:19 [notice] 39#39: gracefully shutting down
2023/11/11 08:44:19 [notice] 32#32: exiting
2023/11/11 08:44:19 [notice] 29#29: exit
2023/11/11 08:44:19 [notice] 28#28: exit
2023/11/11 08:44:19 [notice] 33#33: exiting
2023/11/11 08:44:19 [notice] 36#36: exiting
2023/11/11 08:44:19 [notice] 30#30: exit
2023/11/11 08:44:19 [notice] 39#39: exiting
2023/11/11 08:44:19 [notice] 31#31: exit
2023/11/11 08:44:19 [notice] 32#32: exit
2023/11/11 08:44:19 [notice] 33#33: exit
2023/11/11 08:44:19 [notice] 36#36: exit
2023/11/11 08:44:19 [notice] 39#39: exit
2023/11/11 08:44:19 [notice] 37#37: gracefully shutting down
2023/11/11 08:44:19 [notice] 37#37: exiting
2023/11/11 08:44:19 [notice] 37#37: exit
2023/11/11 08:44:19 [notice] 35#35: gracefully shutting down
2023/11/11 08:44:19 [notice] 38#38: gracefully shutting down
2023/11/11 08:44:19 [notice] 35#35: exiting
2023/11/11 08:44:19 [notice] 34#34: gracefully shutting down
2023/11/11 08:44:19 [notice] 38#38: exiting
2023/11/11 08:44:19 [notice] 35#35: exit
2023/11/11 08:44:19 [notice] 34#34: exiting
2023/11/11 08:44:19 [notice] 38#38: exit
2023/11/11 08:44:19 [notice] 34#34: exit
2023/11/11 08:44:20 [notice] 1#1: signal 17 (SIGCHLD) received from 29
2023/11/11 08:44:20 [notice] 1#1: worker process 29 exited with code 0
2023/11/11 08:44:20 [notice] 1#1: signal 29 (SIGIO) received
2023/11/11 08:44:20 [notice] 1#1: signal 17 (SIGCHLD) received from 31
2023/11/11 08:44:20 [notice] 1#1: worker process 28 exited with code 0
2023/11/11 08:44:20 [notice] 1#1: worker process 31 exited with code 0
2023/11/11 08:44:20 [notice] 1#1: worker process 32 exited with code 0
2023/11/11 08:44:20 [notice] 1#1: worker process 33 exited with code 0
2023/11/11 08:44:20 [notice] 1#1: worker process 34 exited with code 0
2023/11/11 08:44:20 [notice] 1#1: signal 29 (SIGIO) received
2023/11/11 08:44:20 [notice] 1#1: signal 17 (SIGCHLD) received from 34
2023/11/11 08:44:20 [notice] 1#1: signal 17 (SIGCHLD) received from 37
2023/11/11 08:44:20 [notice] 1#1: worker process 37 exited with code 0
2023/11/11 08:44:20 [notice] 1#1: worker process 39 exited with code 0
2023/11/11 08:44:20 [notice] 1#1: signal 29 (SIGIO) received
2023/11/11 08:44:20 [notice] 1#1: signal 17 (SIGCHLD) received from 30
2023/11/11 08:44:20 [notice] 1#1: worker process 30 exited with code 0
2023/11/11 08:44:20 [notice] 1#1: worker process 35 exited with code 0
2023/11/11 08:44:20 [notice] 1#1: worker process 36 exited with code 0
2023/11/11 08:44:20 [notice] 1#1: signal 29 (SIGIO) received
2023/11/11 08:44:20 [notice] 1#1: signal 17 (SIGCHLD) received from 35
2023/11/11 08:44:20 [notice] 1#1: signal 17 (SIGCHLD) received from 38
2023/11/11 08:44:20 [notice] 1#1: worker process 38 exited with code 0
2023/11/11 08:44:20 [notice] 1#1: exit
2023/11/11 08:46:03 [notice] 1#1: using the "epoll" event method
2023/11/11 08:46:03 [notice] 1#1: nginx/1.25.3
2023/11/11 08:46:03 [notice] 1#1: built by gcc 12.2.0 (Debian 12.2.0-14) 
2023/11/11 08:46:03 [notice] 1#1: OS: Linux 5.15.90.1-microsoft-standard-WSL2
2023/11/11 08:46:03 [notice] 1#1: getrlimit(RLIMIT_NOFILE): 1048576:1048576
2023/11/11 08:46:03 [notice] 1#1: start worker processes
2023/11/11 08:46:03 [notice] 1#1: start worker process 28
2023/11/11 08:46:03 [notice] 1#1: start worker process 29
2023/11/11 08:46:03 [notice] 1#1: start worker process 30
2023/11/11 08:46:03 [notice] 1#1: start worker process 31
2023/11/11 08:46:03 [notice] 1#1: start worker process 32
2023/11/11 08:46:03 [notice] 1#1: start worker process 33
2023/11/11 08:46:03 [notice] 1#1: start worker process 34
2023/11/11 08:46:03 [notice] 1#1: start worker process 35
2023/11/11 08:46:03 [notice] 1#1: start worker process 36
2023/11/11 08:46:03 [notice] 1#1: start worker process 37
2023/11/11 08:46:03 [notice] 1#1: start worker process 38
2023/11/11 08:46:03 [notice] 1#1: start worker process 39
2023/11/11 08:48:12 [notice] 1#1: signal 3 (SIGQUIT) received, shutting down
2023/11/11 08:48:12 [notice] 28#28: gracefully shutting down
2023/11/11 08:48:12 [notice] 29#29: gracefully shutting down
2023/11/11 08:48:12 [notice] 28#28: exiting
2023/11/11 08:48:12 [notice] 30#30: gracefully shutting down
2023/11/11 08:48:12 [notice] 29#29: exiting
2023/11/11 08:48:12 [notice] 30#30: exiting
2023/11/11 08:48:12 [notice] 31#31: gracefully shutting down
2023/11/11 08:48:12 [notice] 32#32: gracefully shutting down
2023/11/11 08:48:12 [notice] 33#33: gracefully shutting down
2023/11/11 08:48:12 [notice] 31#31: exiting
2023/11/11 08:48:12 [notice] 32#32: exiting
2023/11/11 08:48:12 [notice] 29#29: exit
2023/11/11 08:48:12 [notice] 28#28: exit
2023/11/11 08:48:12 [notice] 36#36: gracefully shutting down
2023/11/11 08:48:12 [notice] 30#30: exit
2023/11/11 08:48:12 [notice] 33#33: exiting
2023/11/11 08:48:12 [notice] 37#37: gracefully shutting down
2023/11/11 08:48:12 [notice] 36#36: exiting
2023/11/11 08:48:12 [notice] 31#31: exit
2023/11/11 08:48:12 [notice] 32#32: exit
2023/11/11 08:48:12 [notice] 33#33: exit
2023/11/11 08:48:12 [notice] 37#37: exiting
2023/11/11 08:48:12 [notice] 36#36: exit
2023/11/11 08:48:12 [notice] 37#37: exit
2023/11/11 08:48:12 [notice] 34#34: gracefully shutting down
2023/11/11 08:48:12 [notice] 34#34: exiting
2023/11/11 08:48:12 [notice] 34#34: exit
2023/11/11 08:48:12 [notice] 38#38: gracefully shutting down
2023/11/11 08:48:12 [notice] 38#38: exiting
2023/11/11 08:48:12 [notice] 35#35: gracefully shutting down
2023/11/11 08:48:12 [notice] 38#38: exit
2023/11/11 08:48:12 [notice] 39#39: gracefully shutting down
2023/11/11 08:48:12 [notice] 35#35: exiting
2023/11/11 08:48:12 [notice] 39#39: exiting
2023/11/11 08:48:12 [notice] 35#35: exit
2023/11/11 08:48:12 [notice] 39#39: exit
2023/11/11 08:48:13 [notice] 1#1: signal 17 (SIGCHLD) received from 37
2023/11/11 08:48:13 [notice] 1#1: worker process 29 exited with code 0
2023/11/11 08:48:13 [notice] 1#1: worker process 30 exited with code 0
2023/11/11 08:48:13 [notice] 1#1: worker process 37 exited with code 0
2023/11/11 08:48:13 [notice] 1#1: signal 29 (SIGIO) received
2023/11/11 08:48:13 [notice] 1#1: signal 17 (SIGCHLD) received from 30
2023/11/11 08:48:13 [notice] 1#1: signal 17 (SIGCHLD) received from 32
2023/11/11 08:48:13 [notice] 1#1: worker process 32 exited with code 0
2023/11/11 08:48:13 [notice] 1#1: worker process 38 exited with code 0
2023/11/11 08:48:13 [notice] 1#1: signal 29 (SIGIO) received
2023/11/11 08:48:13 [notice] 1#1: signal 17 (SIGCHLD) received from 38
2023/11/11 08:48:13 [notice] 1#1: worker process 31 exited with code 0
2023/11/11 08:48:13 [notice] 1#1: worker process 34 exited with code 0
2023/11/11 08:48:13 [notice] 1#1: worker process 36 exited with code 0
2023/11/11 08:48:13 [notice] 1#1: worker process 39 exited with code 0
2023/11/11 08:48:13 [notice] 1#1: signal 29 (SIGIO) received
2023/11/11 08:48:13 [notice] 1#1: signal 17 (SIGCHLD) received from 33
2023/11/11 08:48:13 [notice] 1#1: worker process 33 exited with code 0
2023/11/11 08:48:13 [notice] 1#1: worker process 35 exited with code 0
2023/11/11 08:48:13 [notice] 1#1: signal 29 (SIGIO) received
2023/11/11 08:48:13 [notice] 1#1: signal 17 (SIGCHLD) received from 35
2023/11/11 08:48:13 [notice] 1#1: signal 17 (SIGCHLD) received from 28
2023/11/11 08:48:13 [notice] 1#1: worker process 28 exited with code 0
2023/11/11 08:48:13 [notice] 1#1: exit
2023/11/11 08:50:59 [notice] 1#1: using the "epoll" event method
2023/11/11 08:50:59 [notice] 1#1: nginx/1.25.3
2023/11/11 08:50:59 [notice] 1#1: built by gcc 12.2.0 (Debian 12.2.0-14) 
2023/11/11 08:50:59 [notice] 1#1: OS: Linux 5.15.90.1-microsoft-standard-WSL2
2023/11/11 08:50:59 [notice] 1#1: getrlimit(RLIMIT_NOFILE): 1048576:1048576
2023/11/11 08:50:59 [notice] 1#1: start worker processes
2023/11/11 08:50:59 [notice] 1#1: start worker process 28
2023/11/11 08:50:59 [notice] 1#1: start worker process 29
2023/11/11 08:50:59 [notice] 1#1: start worker process 30
2023/11/11 08:50:59 [notice] 1#1: start worker process 31
2023/11/11 08:50:59 [notice] 1#1: start worker process 32
2023/11/11 08:50:59 [notice] 1#1: start worker process 33
2023/11/11 08:50:59 [notice] 1#1: start worker process 34
2023/11/11 08:50:59 [notice] 1#1: start worker process 35
2023/11/11 08:50:59 [notice] 1#1: start worker process 36
2023/11/11 08:50:59 [notice] 1#1: start worker process 37
2023/11/11 08:50:59 [notice] 1#1: start worker process 38
2023/11/11 08:50:59 [notice] 1#1: start worker process 39
2023/11/11 08:56:14 [notice] 1#1: signal 3 (SIGQUIT) received, shutting down
2023/11/11 08:56:14 [notice] 28#28: gracefully shutting down
2023/11/11 08:56:14 [notice] 29#29: gracefully shutting down
2023/11/11 08:56:14 [notice] 28#28: exiting
2023/11/11 08:56:14 [notice] 30#30: gracefully shutting down
2023/11/11 08:56:14 [notice] 29#29: exiting
2023/11/11 08:56:14 [notice] 31#31: gracefully shutting down
2023/11/11 08:56:14 [notice] 30#30: exiting
2023/11/11 08:56:14 [notice] 33#33: gracefully shutting down
2023/11/11 08:56:14 [notice] 31#31: exiting
2023/11/11 08:56:14 [notice] 34#34: gracefully shutting down
2023/11/11 08:56:14 [notice] 32#32: gracefully shutting down
2023/11/11 08:56:14 [notice] 29#29: exit
2023/11/11 08:56:14 [notice] 33#33: exiting
2023/11/11 08:56:14 [notice] 28#28: exit
2023/11/11 08:56:14 [notice] 30#30: exit
2023/11/11 08:56:14 [notice] 37#37: gracefully shutting down
2023/11/11 08:56:14 [notice] 38#38: gracefully shutting down
2023/11/11 08:56:14 [notice] 32#32: exiting
2023/11/11 08:56:14 [notice] 31#31: exit
2023/11/11 08:56:14 [notice] 34#34: exiting
2023/11/11 08:56:14 [notice] 37#37: exiting
2023/11/11 08:56:14 [notice] 38#38: exiting
2023/11/11 08:56:14 [notice] 33#33: exit
2023/11/11 08:56:14 [notice] 32#32: exit
2023/11/11 08:56:14 [notice] 34#34: exit
2023/11/11 08:56:14 [notice] 37#37: exit
2023/11/11 08:56:14 [notice] 38#38: exit
2023/11/11 08:56:14 [notice] 35#35: gracefully shutting down
2023/11/11 08:56:14 [notice] 35#35: exiting
2023/11/11 08:56:14 [notice] 39#39: gracefully shutting down
2023/11/11 08:56:14 [notice] 36#36: gracefully shutting down
2023/11/11 08:56:14 [notice] 35#35: exit
2023/11/11 08:56:14 [notice] 36#36: exiting
2023/11/11 08:56:14 [notice] 39#39: exiting
2023/11/11 08:56:14 [notice] 36#36: exit
2023/11/11 08:56:14 [notice] 39#39: exit
2023/11/11 08:56:14 [notice] 1#1: signal 17 (SIGCHLD) received from 31
2023/11/11 08:56:14 [notice] 1#1: worker process 31 exited with code 0
2023/11/11 08:56:14 [notice] 1#1: worker process 38 exited with code 0
2023/11/11 08:56:14 [notice] 1#1: signal 29 (SIGIO) received
2023/11/11 08:56:14 [notice] 1#1: signal 17 (SIGCHLD) received from 38
2023/11/11 08:56:14 [notice] 1#1: worker process 29 exited with code 0
2023/11/11 08:56:14 [notice] 1#1: worker process 30 exited with code 0
2023/11/11 08:56:14 [notice] 1#1: worker process 34 exited with code 0
2023/11/11 08:56:14 [notice] 1#1: worker process 36 exited with code 0
2023/11/11 08:56:14 [notice] 1#1: worker process 37 exited with code 0
2023/11/11 08:56:14 [notice] 1#1: signal 29 (SIGIO) received
2023/11/11 08:56:14 [notice] 1#1: signal 17 (SIGCHLD) received from 36
2023/11/11 08:56:14 [notice] 1#1: signal 17 (SIGCHLD) received from 28
2023/11/11 08:56:14 [notice] 1#1: worker process 28 exited with code 0
2023/11/11 08:56:14 [notice] 1#1: signal 29 (SIGIO) received
2023/11/11 08:56:14 [notice] 1#1: signal 17 (SIGCHLD) received from 32
2023/11/11 08:56:14 [notice] 1#1: worker process 32 exited with code 0
2023/11/11 08:56:14 [notice] 1#1: worker process 35 exited with code 0
2023/11/11 08:56:14 [notice] 1#1: signal 29 (SIGIO) received
2023/11/11 08:56:14 [notice] 1#1: signal 17 (SIGCHLD) received from 35
2023/11/11 08:56:14 [notice] 1#1: signal 17 (SIGCHLD) received from 33
2023/11/11 08:56:14 [notice] 1#1: worker process 33 exited with code 0
2023/11/11 08:56:14 [notice] 1#1: worker process 39 exited with code 0
2023/11/11 08:56:14 [notice] 1#1: exit
2023/11/11 08:58:36 [notice] 1#1: using the "epoll" event method
2023/11/11 08:58:36 [notice] 1#1: nginx/1.25.3
2023/11/11 08:58:36 [notice] 1#1: built by gcc 12.2.0 (Debian 12.2.0-14) 
2023/11/11 08:58:36 [notice] 1#1: OS: Linux 5.15.90.1-microsoft-standard-WSL2
2023/11/11 08:58:36 [notice] 1#1: getrlimit(RLIMIT_NOFILE): 1048576:1048576
2023/11/11 08:58:36 [notice] 1#1: start worker processes
2023/11/11 08:58:36 [notice] 1#1: start worker process 29
2023/11/11 08:58:36 [notice] 1#1: start worker process 30
2023/11/11 08:58:36 [notice] 1#1: start worker process 31
2023/11/11 08:58:36 [notice] 1#1: start worker process 32
2023/11/11 08:58:36 [notice] 1#1: start worker process 33
2023/11/11 08:58:36 [notice] 1#1: start worker process 34
2023/11/11 08:58:36 [notice] 1#1: start worker process 35
2023/11/11 08:58:36 [notice] 1#1: start worker process 36
2023/11/11 08:58:36 [notice] 1#1: start worker process 37
2023/11/11 08:58:36 [notice] 1#1: start worker process 38
2023/11/11 08:58:36 [notice] 1#1: start worker process 39
2023/11/11 08:58:36 [notice] 1#1: start worker process 40
2023/11/11 08:59:48 [notice] 1#1: signal 3 (SIGQUIT) received, shutting down
2023/11/11 08:59:48 [notice] 32#32: gracefully shutting down
2023/11/11 08:59:48 [notice] 34#34: gracefully shutting down
2023/11/11 08:59:48 [notice] 33#33: gracefully shutting down
2023/11/11 08:59:48 [notice] 31#31: gracefully shutting down
2023/11/11 08:59:48 [notice] 36#36: gracefully shutting down
2023/11/11 08:59:48 [notice] 32#32: exiting
2023/11/11 08:59:48 [notice] 38#38: gracefully shutting down
2023/11/11 08:59:48 [notice] 35#35: gracefully shutting down
2023/11/11 08:59:48 [notice] 39#39: gracefully shutting down
2023/11/11 08:59:48 [notice] 34#34: exiting
2023/11/11 08:59:48 [notice] 33#33: exiting
2023/11/11 08:59:48 [notice] 31#31: exiting
2023/11/11 08:59:48 [notice] 36#36: exiting
2023/11/11 08:59:48 [notice] 35#35: exiting
2023/11/11 08:59:48 [notice] 38#38: exiting
2023/11/11 08:59:48 [notice] 39#39: exiting
2023/11/11 08:59:48 [notice] 32#32: exit
2023/11/11 08:59:48 [notice] 34#34: exit
2023/11/11 08:59:48 [notice] 31#31: exit
2023/11/11 08:59:48 [notice] 36#36: exit
2023/11/11 08:59:48 [notice] 33#33: exit
2023/11/11 08:59:48 [notice] 35#35: exit
2023/11/11 08:59:48 [notice] 38#38: exit
2023/11/11 08:59:48 [notice] 39#39: exit
2023/11/11 08:59:48 [notice] 29#29: gracefully shutting down
2023/11/11 08:59:48 [notice] 29#29: exiting
2023/11/11 08:59:48 [notice] 29#29: exit
2023/11/11 08:59:48 [notice] 37#37: gracefully shutting down
2023/11/11 08:59:48 [notice] 37#37: exiting
2023/11/11 08:59:48 [notice] 37#37: exit
2023/11/11 08:59:48 [notice] 40#40: gracefully shutting down
2023/11/11 08:59:48 [notice] 40#40: exiting
2023/11/11 08:59:48 [notice] 30#30: gracefully shutting down
2023/11/11 08:59:48 [notice] 40#40: exit
2023/11/11 08:59:48 [notice] 30#30: exiting
2023/11/11 08:59:48 [notice] 30#30: exit
2023/11/11 08:59:48 [notice] 1#1: signal 17 (SIGCHLD) received from 40
2023/11/11 08:59:48 [notice] 1#1: worker process 34 exited with code 0
2023/11/11 08:59:48 [notice] 1#1: worker process 35 exited with code 0
2023/11/11 08:59:48 [notice] 1#1: worker process 39 exited with code 0
2023/11/11 08:59:48 [notice] 1#1: worker process 40 exited with code 0
2023/11/11 08:59:48 [notice] 1#1: signal 29 (SIGIO) received
2023/11/11 08:59:48 [notice] 1#1: signal 17 (SIGCHLD) received from 35
2023/11/11 08:59:48 [notice] 1#1: signal 17 (SIGCHLD) received from 32
2023/11/11 08:59:48 [notice] 1#1: worker process 32 exited with code 0
2023/11/11 08:59:48 [notice] 1#1: signal 29 (SIGIO) received
2023/11/11 08:59:48 [notice] 1#1: signal 17 (SIGCHLD) received from 38
2023/11/11 08:59:48 [notice] 1#1: worker process 30 exited with code 0
2023/11/11 08:59:48 [notice] 1#1: worker process 38 exited with code 0
2023/11/11 08:59:48 [notice] 1#1: signal 29 (SIGIO) received
2023/11/11 08:59:48 [notice] 1#1: signal 17 (SIGCHLD) received from 30
2023/11/11 08:59:48 [notice] 1#1: signal 17 (SIGCHLD) received from 29
2023/11/11 08:59:48 [notice] 1#1: worker process 29 exited with code 0
2023/11/11 08:59:48 [notice] 1#1: signal 29 (SIGIO) received
2023/11/11 08:59:48 [notice] 1#1: signal 17 (SIGCHLD) received from 31
2023/11/11 08:59:48 [notice] 1#1: worker process 31 exited with code 0
2023/11/11 08:59:48 [notice] 1#1: signal 29 (SIGIO) received
2023/11/11 08:59:48 [notice] 1#1: signal 17 (SIGCHLD) received from 37
2023/11/11 08:59:48 [notice] 1#1: worker process 37 exited with code 0
2023/11/11 08:59:48 [notice] 1#1: signal 29 (SIGIO) received
2023/11/11 08:59:48 [notice] 1#1: signal 17 (SIGCHLD) received from 36
2023/11/11 08:59:48 [notice] 1#1: worker process 33 exited with code 0
2023/11/11 08:59:48 [notice] 1#1: worker process 36 exited with code 0
2023/11/11 08:59:48 [notice] 1#1: exit
2023/11/11 09:30:55 [notice] 1#1: using the "epoll" event method
2023/11/11 09:30:55 [notice] 1#1: nginx/1.25.3
2023/11/11 09:30:55 [notice] 1#1: built by gcc 12.2.0 (Debian 12.2.0-14) 
2023/11/11 09:30:55 [notice] 1#1: OS: Linux 5.15.90.1-microsoft-standard-WSL2
2023/11/11 09:30:55 [notice] 1#1: getrlimit(RLIMIT_NOFILE): 1048576:1048576
2023/11/11 09:30:55 [notice] 1#1: start worker processes
2023/11/11 09:30:55 [notice] 1#1: start worker process 27
2023/11/11 09:30:55 [notice] 1#1: start worker process 28
2023/11/11 09:30:55 [notice] 1#1: start worker process 29
2023/11/11 09:30:55 [notice] 1#1: start worker process 30
2023/11/11 09:30:55 [notice] 1#1: start worker process 31
2023/11/11 09:30:55 [notice] 1#1: start worker process 32
2023/11/11 09:30:55 [notice] 1#1: start worker process 33
2023/11/11 09:30:55 [notice] 1#1: start worker process 34
2023/11/11 09:30:55 [notice] 1#1: start worker process 35
2023/11/11 09:30:55 [notice] 1#1: start worker process 36
2023/11/11 09:30:55 [notice] 1#1: start worker process 37
2023/11/11 09:30:55 [notice] 1#1: start worker process 38
2023/11/11 09:36:20 [notice] 1#1: signal 3 (SIGQUIT) received, shutting down
2023/11/11 09:36:20 [notice] 27#27: gracefully shutting down
2023/11/11 09:36:20 [notice] 28#28: gracefully shutting down
2023/11/11 09:36:20 [notice] 27#27: exiting
2023/11/11 09:36:20 [notice] 29#29: gracefully shutting down
2023/11/11 09:36:20 [notice] 31#31: gracefully shutting down
2023/11/11 09:36:20 [notice] 33#33: gracefully shutting down
2023/11/11 09:36:20 [notice] 28#28: exiting
2023/11/11 09:36:20 [notice] 29#29: exiting
2023/11/11 09:36:20 [notice] 33#33: exiting
2023/11/11 09:36:20 [notice] 31#31: exiting
2023/11/11 09:36:20 [notice] 27#27: exit
2023/11/11 09:36:20 [notice] 28#28: exit
2023/11/11 09:36:20 [notice] 29#29: exit
2023/11/11 09:36:20 [notice] 31#31: exit
2023/11/11 09:36:20 [notice] 33#33: exit
2023/11/11 09:36:20 [notice] 30#30: gracefully shutting down
2023/11/11 09:36:20 [notice] 30#30: exiting
2023/11/11 09:36:20 [notice] 32#32: gracefully shutting down
2023/11/11 09:36:20 [notice] 30#30: exit
2023/11/11 09:36:20 [notice] 32#32: exiting
2023/11/11 09:36:20 [notice] 32#32: exit
2023/11/11 09:36:20 [notice] 34#34: gracefully shutting down
2023/11/11 09:36:20 [notice] 36#36: gracefully shutting down
2023/11/11 09:36:20 [notice] 37#37: gracefully shutting down
2023/11/11 09:36:20 [notice] 36#36: exiting
2023/11/11 09:36:20 [notice] 37#37: exiting
2023/11/11 09:36:20 [notice] 34#34: exiting
2023/11/11 09:36:20 [notice] 36#36: exit
2023/11/11 09:36:20 [notice] 37#37: exit
2023/11/11 09:36:20 [notice] 35#35: gracefully shutting down
2023/11/11 09:36:20 [notice] 34#34: exit
2023/11/11 09:36:20 [notice] 35#35: exiting
2023/11/11 09:36:20 [notice] 38#38: gracefully shutting down
2023/11/11 09:36:20 [notice] 35#35: exit
2023/11/11 09:36:20 [notice] 38#38: exiting
2023/11/11 09:36:20 [notice] 38#38: exit
2023/11/11 09:36:20 [notice] 1#1: signal 17 (SIGCHLD) received from 30
2023/11/11 09:36:20 [notice] 1#1: worker process 30 exited with code 0
2023/11/11 09:36:20 [notice] 1#1: worker process 34 exited with code 0
2023/11/11 09:36:20 [notice] 1#1: worker process 38 exited with code 0
2023/11/11 09:36:20 [notice] 1#1: signal 29 (SIGIO) received
2023/11/11 09:36:20 [notice] 1#1: signal 17 (SIGCHLD) received from 27
2023/11/11 09:36:20 [notice] 1#1: worker process 27 exited with code 0
2023/11/11 09:36:20 [notice] 1#1: worker process 28 exited with code 0
2023/11/11 09:36:20 [notice] 1#1: worker process 31 exited with code 0
2023/11/11 09:36:20 [notice] 1#1: worker process 35 exited with code 0
2023/11/11 09:36:20 [notice] 1#1: worker process 36 exited with code 0
2023/11/11 09:36:20 [notice] 1#1: worker process 37 exited with code 0
2023/11/11 09:36:20 [notice] 1#1: signal 29 (SIGIO) received
2023/11/11 09:36:20 [notice] 1#1: signal 17 (SIGCHLD) received from 29
2023/11/11 09:36:20 [notice] 1#1: worker process 29 exited with code 0
2023/11/11 09:36:20 [notice] 1#1: worker process 32 exited with code 0
2023/11/11 09:36:20 [notice] 1#1: signal 29 (SIGIO) received
2023/11/11 09:36:20 [notice] 1#1: signal 17 (SIGCHLD) received from 33
2023/11/11 09:36:20 [notice] 1#1: worker process 33 exited with code 0
2023/11/11 09:36:20 [notice] 1#1: exit
2023/11/11 09:37:06 [notice] 1#1: using the "epoll" event method
2023/11/11 09:37:06 [notice] 1#1: nginx/1.25.3
2023/11/11 09:37:06 [notice] 1#1: built by gcc 12.2.0 (Debian 12.2.0-14) 
2023/11/11 09:37:06 [notice] 1#1: OS: Linux 5.15.90.1-microsoft-standard-WSL2
2023/11/11 09:37:06 [notice] 1#1: getrlimit(RLIMIT_NOFILE): 1048576:1048576
2023/11/11 09:37:06 [notice] 1#1: start worker processes
2023/11/11 09:37:06 [notice] 1#1: start worker process 28
2023/11/11 09:37:06 [notice] 1#1: start worker process 29
2023/11/11 09:37:06 [notice] 1#1: start worker process 30
2023/11/11 09:37:06 [notice] 1#1: start worker process 31
2023/11/11 09:37:06 [notice] 1#1: start worker process 32
2023/11/11 09:37:06 [notice] 1#1: start worker process 33
2023/11/11 09:37:06 [notice] 1#1: start worker process 34
2023/11/11 09:37:06 [notice] 1#1: start worker process 35
2023/11/11 09:37:06 [notice] 1#1: start worker process 36
2023/11/11 09:37:06 [notice] 1#1: start worker process 37
2023/11/11 09:37:06 [notice] 1#1: start worker process 38
2023/11/11 09:37:06 [notice] 1#1: start worker process 39
2023/11/11 09:38:27 [notice] 1#1: signal 3 (SIGQUIT) received, shutting down
2023/11/11 09:38:27 [notice] 29#29: gracefully shutting down
2023/11/11 09:38:27 [notice] 28#28: gracefully shutting down
2023/11/11 09:38:27 [notice] 29#29: exiting
2023/11/11 09:38:27 [notice] 31#31: gracefully shutting down
2023/11/11 09:38:27 [notice] 28#28: exiting
2023/11/11 09:38:27 [notice] 30#30: gracefully shutting down
2023/11/11 09:38:27 [notice] 32#32: gracefully shutting down
2023/11/11 09:38:27 [notice] 31#31: exiting
2023/11/11 09:38:27 [notice] 33#33: gracefully shutting down
2023/11/11 09:38:27 [notice] 29#29: exit
2023/11/11 09:38:27 [notice] 30#30: exiting
2023/11/11 09:38:27 [notice] 32#32: exiting
2023/11/11 09:38:27 [notice] 36#36: gracefully shutting down
2023/11/11 09:38:27 [notice] 33#33: exiting
2023/11/11 09:38:27 [notice] 28#28: exit
2023/11/11 09:38:27 [notice] 34#34: gracefully shutting down
2023/11/11 09:38:27 [notice] 35#35: gracefully shutting down
2023/11/11 09:38:27 [notice] 36#36: exiting
2023/11/11 09:38:27 [notice] 31#31: exit
2023/11/11 09:38:27 [notice] 32#32: exit
2023/11/11 09:38:27 [notice] 30#30: exit
2023/11/11 09:38:27 [notice] 34#34: exiting
2023/11/11 09:38:27 [notice] 35#35: exiting
2023/11/11 09:38:27 [notice] 33#33: exit
2023/11/11 09:38:27 [notice] 36#36: exit
2023/11/11 09:38:27 [notice] 34#34: exit
2023/11/11 09:38:27 [notice] 35#35: exit
2023/11/11 09:38:27 [notice] 37#37: gracefully shutting down
2023/11/11 09:38:27 [notice] 37#37: exiting
2023/11/11 09:38:27 [notice] 37#37: exit
2023/11/11 09:38:27 [notice] 39#39: gracefully shutting down
2023/11/11 09:38:27 [notice] 39#39: exiting
2023/11/11 09:38:27 [notice] 38#38: gracefully shutting down
2023/11/11 09:38:27 [notice] 38#38: exiting
2023/11/11 09:38:27 [notice] 39#39: exit
2023/11/11 09:38:27 [notice] 38#38: exit
2023/11/11 09:38:27 [notice] 1#1: signal 17 (SIGCHLD) received from 31
2023/11/11 09:38:27 [notice] 1#1: worker process 30 exited with code 0
2023/11/11 09:38:27 [notice] 1#1: worker process 31 exited with code 0
2023/11/11 09:38:27 [notice] 1#1: signal 29 (SIGIO) received
2023/11/11 09:38:27 [notice] 1#1: signal 17 (SIGCHLD) received from 36
2023/11/11 09:38:27 [notice] 1#1: worker process 29 exited with code 0
2023/11/11 09:38:27 [notice] 1#1: worker process 33 exited with code 0
2023/11/11 09:38:27 [notice] 1#1: worker process 35 exited with code 0
2023/11/11 09:38:27 [notice] 1#1: worker process 36 exited with code 0
2023/11/11 09:38:27 [notice] 1#1: worker process 37 exited with code 0
2023/11/11 09:38:27 [notice] 1#1: worker process 39 exited with code 0
2023/11/11 09:38:27 [notice] 1#1: signal 29 (SIGIO) received
2023/11/11 09:38:27 [notice] 1#1: signal 17 (SIGCHLD) received from 29
2023/11/11 09:38:27 [notice] 1#1: signal 17 (SIGCHLD) received from 32
2023/11/11 09:38:27 [notice] 1#1: worker process 28 exited with code 0
2023/11/11 09:38:27 [notice] 1#1: worker process 32 exited with code 0
2023/11/11 09:38:27 [notice] 1#1: signal 29 (SIGIO) received
2023/11/11 09:38:27 [notice] 1#1: signal 17 (SIGCHLD) received from 34
2023/11/11 09:38:27 [notice] 1#1: worker process 34 exited with code 0
2023/11/11 09:38:27 [notice] 1#1: worker process 38 exited with code 0
2023/11/11 09:38:27 [notice] 1#1: exit
2023/11/11 09:40:05 [notice] 1#1: using the "epoll" event method
2023/11/11 09:40:05 [notice] 1#1: nginx/1.25.3
2023/11/11 09:40:05 [notice] 1#1: built by gcc 12.2.0 (Debian 12.2.0-14) 
2023/11/11 09:40:05 [notice] 1#1: OS: Linux 5.15.90.1-microsoft-standard-WSL2
2023/11/11 09:40:05 [notice] 1#1: getrlimit(RLIMIT_NOFILE): 1048576:1048576
2023/11/11 09:40:05 [notice] 1#1: start worker processes
2023/11/11 09:40:05 [notice] 1#1: start worker process 28
2023/11/11 09:40:05 [notice] 1#1: start worker process 29
2023/11/11 09:40:05 [notice] 1#1: start worker process 30
2023/11/11 09:40:05 [notice] 1#1: start worker process 31
2023/11/11 09:40:05 [notice] 1#1: start worker process 32
2023/11/11 09:40:05 [notice] 1#1: start worker process 33
2023/11/11 09:40:05 [notice] 1#1: start worker process 34
2023/11/11 09:40:05 [notice] 1#1: start worker process 35
2023/11/11 09:40:05 [notice] 1#1: start worker process 36
2023/11/11 09:40:05 [notice] 1#1: start worker process 37
2023/11/11 09:40:05 [notice] 1#1: start worker process 38
2023/11/11 09:40:05 [notice] 1#1: start worker process 39
2023/11/11 09:46:43 [notice] 1#1: signal 3 (SIGQUIT) received, shutting down
2023/11/11 09:46:43 [notice] 31#31: gracefully shutting down
2023/11/11 09:46:43 [notice] 30#30: gracefully shutting down
2023/11/11 09:46:43 [notice] 32#32: gracefully shutting down
2023/11/11 09:46:43 [notice] 28#28: gracefully shutting down
2023/11/11 09:46:43 [notice] 33#33: gracefully shutting down
2023/11/11 09:46:43 [notice] 34#34: gracefully shutting down
2023/11/11 09:46:43 [notice] 30#30: exiting
2023/11/11 09:46:43 [notice] 31#31: exiting
2023/11/11 09:46:43 [notice] 32#32: exiting
2023/11/11 09:46:43 [notice] 35#35: gracefully shutting down
2023/11/11 09:46:43 [notice] 28#28: exiting
2023/11/11 09:46:43 [notice] 38#38: gracefully shutting down
2023/11/11 09:46:43 [notice] 33#33: exiting
2023/11/11 09:46:43 [notice] 34#34: exiting
2023/11/11 09:46:43 [notice] 35#35: exiting
2023/11/11 09:46:43 [notice] 38#38: exiting
2023/11/11 09:46:43 [notice] 31#31: exit
2023/11/11 09:46:43 [notice] 30#30: exit
2023/11/11 09:46:43 [notice] 33#33: exit
2023/11/11 09:46:43 [notice] 32#32: exit
2023/11/11 09:46:43 [notice] 28#28: exit
2023/11/11 09:46:43 [notice] 34#34: exit
2023/11/11 09:46:43 [notice] 35#35: exit
2023/11/11 09:46:43 [notice] 38#38: exit
2023/11/11 09:46:43 [notice] 36#36: gracefully shutting down
2023/11/11 09:46:43 [notice] 36#36: exiting
2023/11/11 09:46:43 [notice] 37#37: gracefully shutting down
2023/11/11 09:46:43 [notice] 36#36: exit
2023/11/11 09:46:43 [notice] 37#37: exiting
2023/11/11 09:46:43 [notice] 37#37: exit
2023/11/11 09:46:43 [notice] 29#29: gracefully shutting down
2023/11/11 09:46:43 [notice] 39#39: gracefully shutting down
2023/11/11 09:46:43 [notice] 29#29: exiting
2023/11/11 09:46:43 [notice] 39#39: exiting
2023/11/11 09:46:43 [notice] 29#29: exit
2023/11/11 09:46:43 [notice] 39#39: exit
2023/11/11 09:46:43 [notice] 1#1: signal 17 (SIGCHLD) received from 33
2023/11/11 09:46:43 [notice] 1#1: worker process 28 exited with code 0
2023/11/11 09:46:43 [notice] 1#1: worker process 31 exited with code 0
2023/11/11 09:46:43 [notice] 1#1: worker process 32 exited with code 0
2023/11/11 09:46:43 [notice] 1#1: worker process 33 exited with code 0
2023/11/11 09:46:43 [notice] 1#1: worker process 34 exited with code 0
2023/11/11 09:46:43 [notice] 1#1: worker process 38 exited with code 0
2023/11/11 09:46:43 [notice] 1#1: worker process 36 exited with code 0
2023/11/11 09:46:43 [notice] 1#1: worker process 39 exited with code 0
2023/11/11 09:46:43 [notice] 1#1: signal 29 (SIGIO) received
2023/11/11 09:46:43 [notice] 1#1: signal 17 (SIGCHLD) received from 38
2023/11/11 09:46:43 [notice] 1#1: signal 17 (SIGCHLD) received from 30
2023/11/11 09:46:43 [notice] 1#1: worker process 29 exited with code 0
2023/11/11 09:46:43 [notice] 1#1: worker process 30 exited with code 0
2023/11/11 09:46:43 [notice] 1#1: signal 29 (SIGIO) received
2023/11/11 09:46:43 [notice] 1#1: signal 17 (SIGCHLD) received from 29
2023/11/11 09:46:43 [notice] 1#1: signal 17 (SIGCHLD) received from 37
2023/11/11 09:46:43 [notice] 1#1: worker process 37 exited with code 0
2023/11/11 09:46:43 [notice] 1#1: signal 29 (SIGIO) received
2023/11/11 09:46:43 [notice] 1#1: signal 17 (SIGCHLD) received from 35
2023/11/11 09:46:43 [notice] 1#1: worker process 35 exited with code 0
2023/11/11 09:46:43 [notice] 1#1: exit
2023/11/11 09:54:56 [notice] 1#1: using the "epoll" event method
2023/11/11 09:54:56 [notice] 1#1: nginx/1.25.3
2023/11/11 09:54:56 [notice] 1#1: built by gcc 12.2.0 (Debian 12.2.0-14) 
2023/11/11 09:54:56 [notice] 1#1: OS: Linux 5.15.90.1-microsoft-standard-WSL2
2023/11/11 09:54:56 [notice] 1#1: getrlimit(RLIMIT_NOFILE): 1048576:1048576
2023/11/11 09:54:56 [notice] 1#1: start worker processes
2023/11/11 09:54:56 [notice] 1#1: start worker process 28
2023/11/11 09:54:56 [notice] 1#1: start worker process 29
2023/11/11 09:54:56 [notice] 1#1: start worker process 30
2023/11/11 09:54:56 [notice] 1#1: start worker process 31
2023/11/11 09:54:56 [notice] 1#1: start worker process 32
2023/11/11 09:54:56 [notice] 1#1: start worker process 33
2023/11/11 09:54:56 [notice] 1#1: start worker process 34
2023/11/11 09:54:56 [notice] 1#1: start worker process 35
2023/11/11 09:54:56 [notice] 1#1: start worker process 36
2023/11/11 09:54:56 [notice] 1#1: start worker process 37
2023/11/11 09:54:56 [notice] 1#1: start worker process 38
2023/11/11 09:54:56 [notice] 1#1: start worker process 39
2023/11/11 09:55:38 [notice] 1#1: signal 3 (SIGQUIT) received, shutting down
2023/11/11 09:55:38 [notice] 28#28: gracefully shutting down
2023/11/11 09:55:38 [notice] 29#29: gracefully shutting down
2023/11/11 09:55:38 [notice] 28#28: exiting
2023/11/11 09:55:38 [notice] 29#29: exiting
2023/11/11 09:55:38 [notice] 30#30: gracefully shutting down
2023/11/11 09:55:38 [notice] 31#31: gracefully shutting down
2023/11/11 09:55:38 [notice] 30#30: exiting
2023/11/11 09:55:38 [notice] 29#29: exit
2023/11/11 09:55:38 [notice] 28#28: exit
2023/11/11 09:55:38 [notice] 32#32: gracefully shutting down
2023/11/11 09:55:38 [notice] 31#31: exiting
2023/11/11 09:55:38 [notice] 33#33: gracefully shutting down
2023/11/11 09:55:38 [notice] 32#32: exiting
2023/11/11 09:55:38 [notice] 34#34: gracefully shutting down
2023/11/11 09:55:38 [notice] 30#30: exit
2023/11/11 09:55:38 [notice] 33#33: exiting
2023/11/11 09:55:38 [notice] 35#35: gracefully shutting down
2023/11/11 09:55:38 [notice] 39#39: gracefully shutting down
2023/11/11 09:55:38 [notice] 31#31: exit
2023/11/11 09:55:38 [notice] 34#34: exiting
2023/11/11 09:55:38 [notice] 32#32: exit
2023/11/11 09:55:38 [notice] 35#35: exiting
2023/11/11 09:55:38 [notice] 39#39: exiting
2023/11/11 09:55:38 [notice] 33#33: exit
2023/11/11 09:55:38 [notice] 34#34: exit
2023/11/11 09:55:38 [notice] 39#39: exit
2023/11/11 09:55:38 [notice] 35#35: exit
2023/11/11 09:55:38 [notice] 37#37: gracefully shutting down
2023/11/11 09:55:38 [notice] 37#37: exiting
2023/11/11 09:55:38 [notice] 37#37: exit
2023/11/11 09:55:38 [notice] 38#38: gracefully shutting down
2023/11/11 09:55:38 [notice] 38#38: exiting
2023/11/11 09:55:38 [notice] 36#36: gracefully shutting down
2023/11/11 09:55:38 [notice] 38#38: exit
2023/11/11 09:55:38 [notice] 36#36: exiting
2023/11/11 09:55:38 [notice] 36#36: exit
2023/11/11 09:55:38 [notice] 1#1: signal 17 (SIGCHLD) received from 37
2023/11/11 09:55:38 [notice] 1#1: worker process 28 exited with code 0
2023/11/11 09:55:38 [notice] 1#1: worker process 31 exited with code 0
2023/11/11 09:55:38 [notice] 1#1: worker process 32 exited with code 0
2023/11/11 09:55:38 [notice] 1#1: worker process 35 exited with code 0
2023/11/11 09:55:38 [notice] 1#1: worker process 36 exited with code 0
2023/11/11 09:55:38 [notice] 1#1: worker process 37 exited with code 0
2023/11/11 09:55:38 [notice] 1#1: signal 29 (SIGIO) received
2023/11/11 09:55:38 [notice] 1#1: signal 17 (SIGCHLD) received from 28
2023/11/11 09:55:38 [notice] 1#1: signal 17 (SIGCHLD) received from 33
2023/11/11 09:55:38 [notice] 1#1: worker process 33 exited with code 0
2023/11/11 09:55:38 [notice] 1#1: signal 29 (SIGIO) received
2023/11/11 09:55:38 [notice] 1#1: signal 17 (SIGCHLD) received from 38
2023/11/11 09:55:38 [notice] 1#1: worker process 30 exited with code 0
2023/11/11 09:55:38 [notice] 1#1: worker process 38 exited with code 0
2023/11/11 09:55:38 [notice] 1#1: worker process 39 exited with code 0
2023/11/11 09:55:38 [notice] 1#1: signal 29 (SIGIO) received
2023/11/11 09:55:38 [notice] 1#1: signal 17 (SIGCHLD) received from 39
2023/11/11 09:55:38 [notice] 1#1: signal 17 (SIGCHLD) received from 34
2023/11/11 09:55:38 [notice] 1#1: worker process 29 exited with code 0
2023/11/11 09:55:38 [notice] 1#1: worker process 34 exited with code 0
2023/11/11 09:55:38 [notice] 1#1: exit
2023/11/11 10:07:55 [notice] 1#1: using the "epoll" event method
2023/11/11 10:07:55 [notice] 1#1: nginx/1.25.3
2023/11/11 10:07:55 [notice] 1#1: built by gcc 12.2.0 (Debian 12.2.0-14) 
2023/11/11 10:07:55 [notice] 1#1: OS: Linux 5.15.90.1-microsoft-standard-WSL2
2023/11/11 10:07:55 [notice] 1#1: getrlimit(RLIMIT_NOFILE): 1048576:1048576
2023/11/11 10:07:55 [notice] 1#1: start worker processes
2023/11/11 10:07:55 [notice] 1#1: start worker process 28
2023/11/11 10:07:55 [notice] 1#1: start worker process 29
2023/11/11 10:07:55 [notice] 1#1: start worker process 30
2023/11/11 10:07:55 [notice] 1#1: start worker process 31
2023/11/11 10:07:55 [notice] 1#1: start worker process 32
2023/11/11 10:07:55 [notice] 1#1: start worker process 33
2023/11/11 10:07:55 [notice] 1#1: start worker process 34
2023/11/11 10:07:55 [notice] 1#1: start worker process 35
2023/11/11 10:07:55 [notice] 1#1: start worker process 36
2023/11/11 10:07:55 [notice] 1#1: start worker process 37
2023/11/11 10:07:55 [notice] 1#1: start worker process 38
2023/11/11 10:07:55 [notice] 1#1: start worker process 39
2023/11/11 10:10:03 [error] 28#28: *1 connect() failed (111: Connection refused) while connecting to upstream, client: 172.23.32.1, server: , request: "GET / HTTP/1.1", upstream: "http://127.0.0.1:3000/", host: "172.23.34.132"
2023/11/11 10:10:03 [error] 28#28: *1 connect() failed (111: Connection refused) while connecting to upstream, client: 172.23.32.1, server: , request: "GET /favicon.ico HTTP/1.1", upstream: "http://127.0.0.1:3000/favicon.ico", host: "172.23.34.132", referrer: "http://172.23.34.132/"
2023/11/11 10:10:44 [error] 28#28: *1 connect() failed (111: Connection refused) while connecting to upstream, client: 172.23.32.1, server: , request: "GET / HTTP/1.1", upstream: "http://127.0.0.1:3000/", host: "172.23.34.132"
2023/11/11 10:10:44 [error] 28#28: *1 connect() failed (111: Connection refused) while connecting to upstream, client: 172.23.32.1, server: , request: "GET /favicon.ico HTTP/1.1", upstream: "http://127.0.0.1:3000/favicon.ico", host: "172.23.34.132", referrer: "http://172.23.34.132/"
2023/11/11 10:10:44 [error] 28#28: *1 connect() failed (111: Connection refused) while connecting to upstream, client: 172.23.32.1, server: , request: "GET / HTTP/1.1", upstream: "http://127.0.0.1:3000/", host: "172.23.34.132"
2023/11/11 10:10:44 [error] 28#28: *1 connect() failed (111: Connection refused) while connecting to upstream, client: 172.23.32.1, server: , request: "GET /favicon.ico HTTP/1.1", upstream: "http://127.0.0.1:3000/favicon.ico", host: "172.23.34.132", referrer: "http://172.23.34.132/"
2023/11/11 10:10:45 [error] 28#28: *1 connect() failed (111: Connection refused) while connecting to upstream, client: 172.23.32.1, server: , request: "GET / HTTP/1.1", upstream: "http://127.0.0.1:3000/", host: "172.23.34.132"
2023/11/11 10:10:45 [error] 28#28: *1 connect() failed (111: Connection refused) while connecting to upstream, client: 172.23.32.1, server: , request: "GET /favicon.ico HTTP/1.1", upstream: "http://127.0.0.1:3000/favicon.ico", host: "172.23.34.132", referrer: "http://172.23.34.132/"
2023/11/11 10:11:19 [error] 28#28: *1 connect() failed (111: Connection refused) while connecting to upstream, client: 172.23.32.1, server: , request: "GET / HTTP/1.1", upstream: "http://127.0.0.1:3000/", host: "172.23.34.132"
2023/11/11 10:11:19 [error] 28#28: *1 connect() failed (111: Connection refused) while connecting to upstream, client: 172.23.32.1, server: , request: "GET /favicon.ico HTTP/1.1", upstream: "http://127.0.0.1:3000/favicon.ico", host: "172.23.34.132", referrer: "http://172.23.34.132/"
2023/11/11 10:12:13 [notice] 1#1: signal 3 (SIGQUIT) received, shutting down
2023/11/11 10:12:13 [notice] 34#34: gracefully shutting down
2023/11/11 10:12:13 [notice] 32#32: gracefully shutting down
2023/11/11 10:12:13 [notice] 31#31: gracefully shutting down
2023/11/11 10:12:13 [notice] 39#39: gracefully shutting down
2023/11/11 10:12:13 [notice] 34#34: exiting
2023/11/11 10:12:13 [notice] 32#32: exiting
2023/11/11 10:12:13 [notice] 31#31: exiting
2023/11/11 10:12:13 [notice] 39#39: exiting
2023/11/11 10:12:13 [notice] 34#34: exit
2023/11/11 10:12:13 [notice] 32#32: exit
2023/11/11 10:12:13 [notice] 39#39: exit
2023/11/11 10:12:13 [notice] 31#31: exit
2023/11/11 10:12:13 [notice] 33#33: gracefully shutting down
2023/11/11 10:12:13 [notice] 33#33: exiting
2023/11/11 10:12:13 [notice] 33#33: exit
2023/11/11 10:12:13 [notice] 37#37: gracefully shutting down
2023/11/11 10:12:13 [notice] 37#37: exiting
2023/11/11 10:12:13 [notice] 37#37: exit
2023/11/11 10:12:13 [notice] 35#35: gracefully shutting down
2023/11/11 10:12:13 [notice] 30#30: gracefully shutting down
2023/11/11 10:12:13 [notice] 36#36: gracefully shutting down
2023/11/11 10:12:13 [notice] 38#38: gracefully shutting down
2023/11/11 10:12:13 [notice] 35#35: exiting
2023/11/11 10:12:13 [notice] 38#38: exiting
2023/11/11 10:12:13 [notice] 36#36: exiting
2023/11/11 10:12:13 [notice] 29#29: gracefully shutting down
2023/11/11 10:12:13 [notice] 35#35: exit
2023/11/11 10:12:13 [notice] 29#29: exiting
2023/11/11 10:12:13 [notice] 36#36: exit
2023/11/11 10:12:13 [notice] 38#38: exit
2023/11/11 10:12:13 [notice] 29#29: exit
2023/11/11 10:12:13 [notice] 28#28: gracefully shutting down
2023/11/11 10:12:13 [notice] 28#28: exiting
2023/11/11 10:12:13 [notice] 28#28: exit
2023/11/11 10:12:13 [notice] 1#1: signal 17 (SIGCHLD) received from 32
2023/11/11 10:12:13 [notice] 1#1: worker process 32 exited with code 0
2023/11/11 10:12:13 [notice] 1#1: worker process 34 exited with code 0
2023/11/11 10:12:13 [notice] 1#1: worker process 36 exited with code 0
2023/11/11 10:12:13 [notice] 1#1: worker process 38 exited with code 0
2023/11/11 10:12:13 [notice] 1#1: worker process 39 exited with code 0
2023/11/11 10:12:13 [notice] 1#1: signal 29 (SIGIO) received
2023/11/11 10:12:13 [notice] 1#1: signal 17 (SIGCHLD) received from 36
2023/11/11 10:12:13 [notice] 1#1: signal 17 (SIGCHLD) received from 37
2023/11/11 10:12:13 [notice] 1#1: worker process 28 exited with code 0
2023/11/11 10:12:13 [notice] 1#1: worker process 37 exited with code 0
2023/11/11 10:12:13 [notice] 1#1: signal 29 (SIGIO) received
2023/11/11 10:12:13 [notice] 1#1: signal 17 (SIGCHLD) received from 28
2023/11/11 10:12:13 [notice] 1#1: signal 17 (SIGCHLD) received from 33
2023/11/11 10:12:13 [notice] 1#1: worker process 33 exited with code 0
2023/11/11 10:12:13 [notice] 1#1: worker process 35 exited with code 0
2023/11/11 10:12:13 [notice] 1#1: signal 29 (SIGIO) received
2023/11/11 10:12:13 [notice] 1#1: signal 17 (SIGCHLD) received from 35
2023/11/11 10:12:13 [notice] 1#1: signal 17 (SIGCHLD) received from 31
2023/11/11 10:12:13 [notice] 1#1: worker process 29 exited with code 0
2023/11/11 10:12:13 [notice] 1#1: worker process 31 exited with code 0
2023/11/11 10:12:13 [notice] 1#1: signal 29 (SIGIO) received
2023/11/11 10:12:13 [notice] 1#1: signal 17 (SIGCHLD) received from 29
2023/11/11 10:12:19 [notice] 30#30: exiting
2023/11/11 10:12:19 [notice] 30#30: exit
2023/11/11 10:12:19 [notice] 1#1: signal 17 (SIGCHLD) received from 30
2023/11/11 10:12:19 [notice] 1#1: worker process 30 exited with code 0
2023/11/11 10:12:19 [notice] 1#1: exit
2023/11/11 10:13:11 [notice] 1#1: using the "epoll" event method
2023/11/11 10:13:11 [notice] 1#1: nginx/1.25.3
2023/11/11 10:13:11 [notice] 1#1: built by gcc 12.2.0 (Debian 12.2.0-14) 
2023/11/11 10:13:11 [notice] 1#1: OS: Linux 5.15.90.1-microsoft-standard-WSL2
2023/11/11 10:13:11 [notice] 1#1: getrlimit(RLIMIT_NOFILE): 1048576:1048576
2023/11/11 10:13:11 [notice] 1#1: start worker processes
2023/11/11 10:13:11 [notice] 1#1: start worker process 28
2023/11/11 10:13:11 [notice] 1#1: start worker process 29
2023/11/11 10:13:11 [notice] 1#1: start worker process 30
2023/11/11 10:13:11 [notice] 1#1: start worker process 31
2023/11/11 10:13:11 [notice] 1#1: start worker process 32
2023/11/11 10:13:11 [notice] 1#1: start worker process 33
2023/11/11 10:13:11 [notice] 1#1: start worker process 34
2023/11/11 10:13:11 [notice] 1#1: start worker process 35
2023/11/11 10:13:11 [notice] 1#1: start worker process 36
2023/11/11 10:13:11 [notice] 1#1: start worker process 37
2023/11/11 10:13:11 [notice] 1#1: start worker process 38
2023/11/11 10:13:11 [notice] 1#1: start worker process 39
2023/11/11 10:26:26 [notice] 1#1: signal 3 (SIGQUIT) received, shutting down
2023/11/11 10:26:26 [notice] 29#29: gracefully shutting down
2023/11/11 10:26:26 [notice] 33#33: gracefully shutting down
2023/11/11 10:26:26 [notice] 29#29: exiting
2023/11/11 10:26:26 [notice] 31#31: gracefully shutting down
2023/11/11 10:26:26 [notice] 37#37: gracefully shutting down
2023/11/11 10:26:26 [notice] 28#28: gracefully shutting down
2023/11/11 10:26:26 [notice] 36#36: gracefully shutting down
2023/11/11 10:26:26 [notice] 34#34: gracefully shutting down
2023/11/11 10:26:26 [notice] 33#33: exiting
2023/11/11 10:26:26 [notice] 39#39: gracefully shutting down
2023/11/11 10:26:26 [notice] 31#31: exiting
2023/11/11 10:26:26 [notice] 28#28: exiting
2023/11/11 10:26:26 [notice] 37#37: exiting
2023/11/11 10:26:26 [notice] 29#29: exit
2023/11/11 10:26:26 [notice] 36#36: exiting
2023/11/11 10:26:26 [notice] 34#34: exiting
2023/11/11 10:26:26 [notice] 39#39: exiting
2023/11/11 10:26:26 [notice] 28#28: exit
2023/11/11 10:26:26 [notice] 33#33: exit
2023/11/11 10:26:26 [notice] 37#37: exit
2023/11/11 10:26:26 [notice] 31#31: exit
2023/11/11 10:26:26 [notice] 36#36: exit
2023/11/11 10:26:26 [notice] 39#39: exit
2023/11/11 10:26:26 [notice] 34#34: exit
2023/11/11 10:26:26 [notice] 38#38: gracefully shutting down
2023/11/11 10:26:26 [notice] 38#38: exiting
2023/11/11 10:26:26 [notice] 38#38: exit
2023/11/11 10:26:26 [notice] 32#32: gracefully shutting down
2023/11/11 10:26:26 [notice] 32#32: exiting
2023/11/11 10:26:26 [notice] 32#32: exit
2023/11/11 10:26:26 [notice] 35#35: gracefully shutting down
2023/11/11 10:26:26 [notice] 30#30: gracefully shutting down
2023/11/11 10:26:26 [notice] 35#35: exiting
2023/11/11 10:26:26 [notice] 30#30: exiting
2023/11/11 10:26:26 [notice] 35#35: exit
2023/11/11 10:26:26 [notice] 30#30: exit
2023/11/11 10:26:26 [notice] 1#1: signal 17 (SIGCHLD) received from 33
2023/11/11 10:26:26 [notice] 1#1: worker process 33 exited with code 0
2023/11/11 10:26:26 [notice] 1#1: signal 29 (SIGIO) received
2023/11/11 10:26:26 [notice] 1#1: signal 17 (SIGCHLD) received from 37
2023/11/11 10:26:26 [notice] 1#1: worker process 34 exited with code 0
2023/11/11 10:26:26 [notice] 1#1: worker process 35 exited with code 0
2023/11/11 10:26:26 [notice] 1#1: worker process 37 exited with code 0
2023/11/11 10:26:26 [notice] 1#1: signal 29 (SIGIO) received
2023/11/11 10:26:26 [notice] 1#1: signal 17 (SIGCHLD) received from 31
2023/11/11 10:26:26 [notice] 1#1: worker process 29 exited with code 0
2023/11/11 10:26:26 [notice] 1#1: worker process 30 exited with code 0
2023/11/11 10:26:26 [notice] 1#1: worker process 31 exited with code 0
2023/11/11 10:26:26 [notice] 1#1: worker process 39 exited with code 0
2023/11/11 10:26:26 [notice] 1#1: signal 29 (SIGIO) received
2023/11/11 10:26:26 [notice] 1#1: signal 17 (SIGCHLD) received from 30
2023/11/11 10:26:26 [notice] 1#1: signal 17 (SIGCHLD) received from 38
2023/11/11 10:26:26 [notice] 1#1: worker process 28 exited with code 0
2023/11/11 10:26:26 [notice] 1#1: worker process 38 exited with code 0
2023/11/11 10:26:26 [notice] 1#1: signal 29 (SIGIO) received
2023/11/11 10:26:26 [notice] 1#1: signal 17 (SIGCHLD) received from 36
2023/11/11 10:26:26 [notice] 1#1: worker process 36 exited with code 0
2023/11/11 10:26:26 [notice] 1#1: signal 29 (SIGIO) received
2023/11/11 10:26:26 [notice] 1#1: signal 17 (SIGCHLD) received from 32
2023/11/11 10:26:26 [notice] 1#1: worker process 32 exited with code 0
2023/11/11 10:26:26 [notice] 1#1: exit
2023/11/11 10:27:19 [notice] 1#1: using the "epoll" event method
2023/11/11 10:27:19 [notice] 1#1: nginx/1.25.3
2023/11/11 10:27:19 [notice] 1#1: built by gcc 12.2.0 (Debian 12.2.0-14) 
2023/11/11 10:27:19 [notice] 1#1: OS: Linux 5.15.90.1-microsoft-standard-WSL2
2023/11/11 10:27:19 [notice] 1#1: getrlimit(RLIMIT_NOFILE): 1048576:1048576
2023/11/11 10:27:19 [notice] 1#1: start worker processes
2023/11/11 10:27:19 [notice] 1#1: start worker process 28
2023/11/11 10:27:19 [notice] 1#1: start worker process 29
2023/11/11 10:27:19 [notice] 1#1: start worker process 30
2023/11/11 10:27:19 [notice] 1#1: start worker process 31
2023/11/11 10:27:19 [notice] 1#1: start worker process 32
2023/11/11 10:27:19 [notice] 1#1: start worker process 33
2023/11/11 10:27:19 [notice] 1#1: start worker process 34
2023/11/11 10:27:19 [notice] 1#1: start worker process 35
2023/11/11 10:27:19 [notice] 1#1: start worker process 36
2023/11/11 10:27:19 [notice] 1#1: start worker process 37
2023/11/11 10:27:19 [notice] 1#1: start worker process 38
2023/11/11 10:27:19 [notice] 1#1: start worker process 39
2023/11/11 10:35:16 [notice] 1#1: signal 3 (SIGQUIT) received, shutting down
2023/11/11 10:35:16 [notice] 28#28: gracefully shutting down
2023/11/11 10:35:16 [notice] 31#31: gracefully shutting down
2023/11/11 10:35:16 [notice] 29#29: gracefully shutting down
2023/11/11 10:35:16 [notice] 30#30: gracefully shutting down
2023/11/11 10:35:16 [notice] 32#32: gracefully shutting down
2023/11/11 10:35:16 [notice] 28#28: exiting
2023/11/11 10:35:16 [notice] 31#31: exiting
2023/11/11 10:35:16 [notice] 33#33: gracefully shutting down
2023/11/11 10:35:16 [notice] 29#29: exiting
2023/11/11 10:35:16 [notice] 34#34: gracefully shutting down
2023/11/11 10:35:16 [notice] 30#30: exiting
2023/11/11 10:35:16 [notice] 32#32: exiting
2023/11/11 10:35:16 [notice] 33#33: exiting
2023/11/11 10:35:16 [notice] 37#37: gracefully shutting down
2023/11/11 10:35:16 [notice] 34#34: exiting
2023/11/11 10:35:16 [notice] 31#31: exit
2023/11/11 10:35:16 [notice] 28#28: exit
2023/11/11 10:35:16 [notice] 37#37: exiting
2023/11/11 10:35:16 [notice] 29#29: exit
2023/11/11 10:35:16 [notice] 32#32: exit
2023/11/11 10:35:16 [notice] 33#33: exit
2023/11/11 10:35:16 [notice] 30#30: exit
2023/11/11 10:35:16 [notice] 35#35: gracefully shutting down
2023/11/11 10:35:16 [notice] 34#34: exit
2023/11/11 10:35:16 [notice] 35#35: exiting
2023/11/11 10:35:16 [notice] 37#37: exit
2023/11/11 10:35:16 [notice] 35#35: exit
2023/11/11 10:35:16 [notice] 38#38: gracefully shutting down
2023/11/11 10:35:16 [notice] 38#38: exiting
2023/11/11 10:35:16 [notice] 38#38: exit
2023/11/11 10:35:16 [notice] 36#36: gracefully shutting down
2023/11/11 10:35:16 [notice] 39#39: gracefully shutting down
2023/11/11 10:35:16 [notice] 36#36: exiting
2023/11/11 10:35:16 [notice] 39#39: exiting
2023/11/11 10:35:16 [notice] 36#36: exit
2023/11/11 10:35:16 [notice] 39#39: exit
2023/11/11 10:35:16 [notice] 1#1: signal 17 (SIGCHLD) received from 29
2023/11/11 10:35:16 [notice] 1#1: worker process 28 exited with code 0
2023/11/11 10:35:16 [notice] 1#1: worker process 29 exited with code 0
2023/11/11 10:35:16 [notice] 1#1: worker process 30 exited with code 0
2023/11/11 10:35:16 [notice] 1#1: worker process 34 exited with code 0
2023/11/11 10:35:16 [notice] 1#1: worker process 36 exited with code 0
2023/11/11 10:35:16 [notice] 1#1: worker process 37 exited with code 0
2023/11/11 10:35:16 [notice] 1#1: worker process 39 exited with code 0
2023/11/11 10:35:16 [notice] 1#1: signal 29 (SIGIO) received
2023/11/11 10:35:16 [notice] 1#1: signal 17 (SIGCHLD) received from 34
2023/11/11 10:35:16 [notice] 1#1: signal 17 (SIGCHLD) received from 35
2023/11/11 10:35:16 [notice] 1#1: worker process 35 exited with code 0
2023/11/11 10:35:16 [notice] 1#1: signal 29 (SIGIO) received
2023/11/11 10:35:16 [notice] 1#1: signal 17 (SIGCHLD) received from 38
2023/11/11 10:35:16 [notice] 1#1: worker process 31 exited with code 0
2023/11/11 10:35:16 [notice] 1#1: worker process 32 exited with code 0
2023/11/11 10:35:16 [notice] 1#1: worker process 33 exited with code 0
2023/11/11 10:35:16 [notice] 1#1: worker process 38 exited with code 0
2023/11/11 10:35:16 [notice] 1#1: exit
2023/11/11 10:35:51 [notice] 1#1: using the "epoll" event method
2023/11/11 10:35:51 [notice] 1#1: nginx/1.25.3
2023/11/11 10:35:51 [notice] 1#1: built by gcc 12.2.0 (Debian 12.2.0-14) 
2023/11/11 10:35:51 [notice] 1#1: OS: Linux 5.15.90.1-microsoft-standard-WSL2
2023/11/11 10:35:51 [notice] 1#1: getrlimit(RLIMIT_NOFILE): 1048576:1048576
2023/11/11 10:35:51 [notice] 1#1: start worker processes
2023/11/11 10:35:51 [notice] 1#1: start worker process 29
2023/11/11 10:35:51 [notice] 1#1: start worker process 30
2023/11/11 10:35:51 [notice] 1#1: start worker process 31
2023/11/11 10:35:51 [notice] 1#1: start worker process 32
2023/11/11 10:35:51 [notice] 1#1: start worker process 33
2023/11/11 10:35:51 [notice] 1#1: start worker process 34
2023/11/11 10:35:51 [notice] 1#1: start worker process 35
2023/11/11 10:35:51 [notice] 1#1: start worker process 36
2023/11/11 10:35:51 [notice] 1#1: start worker process 37
2023/11/11 10:35:51 [notice] 1#1: start worker process 38
2023/11/11 10:35:51 [notice] 1#1: start worker process 39
2023/11/11 10:35:51 [notice] 1#1: start worker process 40
2023/11/11 10:36:39 [notice] 1#1: signal 3 (SIGQUIT) received, shutting down
2023/11/11 10:36:39 [notice] 29#29: gracefully shutting down
2023/11/11 10:36:39 [notice] 30#30: gracefully shutting down
2023/11/11 10:36:39 [notice] 31#31: gracefully shutting down
2023/11/11 10:36:39 [notice] 31#31: exiting
2023/11/11 10:36:39 [notice] 32#32: gracefully shutting down
2023/11/11 10:36:39 [notice] 33#33: gracefully shutting down
2023/11/11 10:36:39 [notice] 32#32: exiting
2023/11/11 10:36:39 [notice] 35#35: gracefully shutting down
2023/11/11 10:36:39 [notice] 33#33: exiting
2023/11/11 10:36:39 [notice] 29#29: exiting
2023/11/11 10:36:39 [notice] 35#35: exiting
2023/11/11 10:36:39 [notice] 36#36: gracefully shutting down
2023/11/11 10:36:39 [notice] 31#31: exit
2023/11/11 10:36:39 [notice] 39#39: gracefully shutting down
2023/11/11 10:36:39 [notice] 34#34: gracefully shutting down
2023/11/11 10:36:39 [notice] 36#36: exiting
2023/11/11 10:36:39 [notice] 32#32: exit
2023/11/11 10:36:39 [notice] 39#39: exiting
2023/11/11 10:36:39 [notice] 33#33: exit
2023/11/11 10:36:39 [notice] 34#34: exiting
2023/11/11 10:36:39 [notice] 35#35: exit
2023/11/11 10:36:39 [notice] 29#29: exit
2023/11/11 10:36:39 [notice] 36#36: exit
2023/11/11 10:36:39 [notice] 39#39: exit
2023/11/11 10:36:39 [notice] 34#34: exit
2023/11/11 10:36:39 [notice] 37#37: gracefully shutting down
2023/11/11 10:36:39 [notice] 37#37: exiting
2023/11/11 10:36:39 [notice] 37#37: exit
2023/11/11 10:36:39 [notice] 40#40: gracefully shutting down
2023/11/11 10:36:39 [notice] 38#38: gracefully shutting down
2023/11/11 10:36:39 [notice] 40#40: exiting
2023/11/11 10:36:39 [notice] 38#38: exiting
2023/11/11 10:36:39 [notice] 40#40: exit
2023/11/11 10:36:39 [notice] 38#38: exit
2023/11/11 10:36:39 [notice] 1#1: signal 17 (SIGCHLD) received from 37
2023/11/11 10:36:39 [notice] 1#1: worker process 37 exited with code 0
2023/11/11 10:36:39 [notice] 1#1: worker process 38 exited with code 0
2023/11/11 10:36:39 [notice] 1#1: worker process 31 exited with code 0
2023/11/11 10:36:39 [notice] 1#1: signal 29 (SIGIO) received
2023/11/11 10:36:39 [notice] 1#1: signal 17 (SIGCHLD) received from 31
2023/11/11 10:36:40 [notice] 1#1: signal 17 (SIGCHLD) received from 34
2023/11/11 10:36:40 [notice] 1#1: worker process 32 exited with code 0
2023/11/11 10:36:40 [notice] 1#1: worker process 33 exited with code 0
2023/11/11 10:36:40 [notice] 1#1: worker process 34 exited with code 0
2023/11/11 10:36:40 [notice] 1#1: worker process 36 exited with code 0
2023/11/11 10:36:40 [notice] 1#1: worker process 40 exited with code 0
2023/11/11 10:36:40 [notice] 1#1: signal 29 (SIGIO) received
2023/11/11 10:36:40 [notice] 1#1: signal 17 (SIGCHLD) received from 35
2023/11/11 10:36:40 [notice] 1#1: worker process 35 exited with code 0
2023/11/11 10:36:40 [notice] 1#1: signal 29 (SIGIO) received
2023/11/11 10:36:40 [notice] 1#1: signal 17 (SIGCHLD) received from 39
2023/11/11 10:36:40 [notice] 1#1: worker process 39 exited with code 0
2023/11/11 10:36:40 [notice] 1#1: signal 29 (SIGIO) received
2023/11/11 10:36:40 [notice] 1#1: signal 17 (SIGCHLD) received from 29
2023/11/11 10:36:40 [notice] 1#1: worker process 29 exited with code 0
2023/11/11 10:36:40 [notice] 1#1: signal 29 (SIGIO) received
2023/11/11 10:38:20 [notice] 1#1: using the "epoll" event method
2023/11/11 10:38:20 [notice] 1#1: nginx/1.25.3
2023/11/11 10:38:20 [notice] 1#1: built by gcc 12.2.0 (Debian 12.2.0-14) 
2023/11/11 10:38:20 [notice] 1#1: OS: Linux 5.15.90.1-microsoft-standard-WSL2
2023/11/11 10:38:20 [notice] 1#1: getrlimit(RLIMIT_NOFILE): 1048576:1048576
2023/11/11 10:38:20 [notice] 1#1: start worker processes
2023/11/11 10:38:20 [notice] 1#1: start worker process 28
2023/11/11 10:38:20 [notice] 1#1: start worker process 29
2023/11/11 10:38:20 [notice] 1#1: start worker process 30
2023/11/11 10:38:20 [notice] 1#1: start worker process 31
2023/11/11 10:38:20 [notice] 1#1: start worker process 32
2023/11/11 10:38:20 [notice] 1#1: start worker process 33
2023/11/11 10:38:20 [notice] 1#1: start worker process 34
2023/11/11 10:38:20 [notice] 1#1: start worker process 35
2023/11/11 10:38:20 [notice] 1#1: start worker process 36
2023/11/11 10:38:20 [notice] 1#1: start worker process 37
2023/11/11 10:38:20 [notice] 1#1: start worker process 38
2023/11/11 10:38:20 [notice] 1#1: start worker process 39
2023/11/11 11:21:25 [notice] 1#1: signal 3 (SIGQUIT) received, shutting down
2023/11/11 11:21:25 [notice] 28#28: gracefully shutting down
2023/11/11 11:21:25 [notice] 29#29: gracefully shutting down
2023/11/11 11:21:25 [notice] 30#30: gracefully shutting down
2023/11/11 11:21:25 [notice] 31#31: gracefully shutting down
2023/11/11 11:21:25 [notice] 29#29: exiting
2023/11/11 11:21:25 [notice] 34#34: gracefully shutting down
2023/11/11 11:21:25 [notice] 32#32: gracefully shutting down
2023/11/11 11:21:25 [notice] 30#30: exiting
2023/11/11 11:21:25 [notice] 31#31: exiting
2023/11/11 11:21:25 [notice] 33#33: gracefully shutting down
2023/11/11 11:21:25 [notice] 37#37: gracefully shutting down
2023/11/11 11:21:25 [notice] 34#34: exiting
2023/11/11 11:21:25 [notice] 32#32: exiting
2023/11/11 11:21:25 [notice] 35#35: gracefully shutting down
2023/11/11 11:21:25 [notice] 33#33: exiting
2023/11/11 11:21:25 [notice] 37#37: exiting
2023/11/11 11:21:25 [notice] 35#35: exiting
2023/11/11 11:21:25 [notice] 30#30: exit
2023/11/11 11:21:25 [notice] 29#29: exit
2023/11/11 11:21:25 [notice] 31#31: exit
2023/11/11 11:21:25 [notice] 32#32: exit
2023/11/11 11:21:25 [notice] 34#34: exit
2023/11/11 11:21:25 [notice] 33#33: exit
2023/11/11 11:21:25 [notice] 37#37: exit
2023/11/11 11:21:25 [notice] 35#35: exit
2023/11/11 11:21:25 [notice] 28#28: exiting
2023/11/11 11:21:25 [notice] 38#38: gracefully shutting down
2023/11/11 11:21:25 [notice] 38#38: exiting
2023/11/11 11:21:25 [notice] 38#38: exit
2023/11/11 11:21:25 [notice] 39#39: gracefully shutting down
2023/11/11 11:21:25 [notice] 39#39: exiting
2023/11/11 11:21:25 [notice] 39#39: exit
2023/11/11 11:21:25 [notice] 28#28: exit
2023/11/11 11:21:25 [notice] 36#36: gracefully shutting down
2023/11/11 11:21:25 [notice] 36#36: exiting
2023/11/11 11:21:25 [notice] 36#36: exit
2023/11/11 11:21:25 [notice] 1#1: signal 17 (SIGCHLD) received from 30
2023/11/11 11:21:25 [notice] 1#1: worker process 28 exited with code 0
2023/11/11 11:21:25 [notice] 1#1: worker process 30 exited with code 0
2023/11/11 11:21:25 [notice] 1#1: worker process 37 exited with code 0
2023/11/11 11:21:25 [notice] 1#1: signal 29 (SIGIO) received
2023/11/11 11:21:25 [notice] 1#1: signal 17 (SIGCHLD) received from 33
2023/11/11 11:21:25 [notice] 1#1: worker process 33 exited with code 0
2023/11/11 11:21:25 [notice] 1#1: signal 29 (SIGIO) received
2023/11/11 11:21:25 [notice] 1#1: signal 17 (SIGCHLD) received from 31
2023/11/11 11:21:25 [notice] 1#1: worker process 31 exited with code 0
2023/11/11 11:21:25 [notice] 1#1: worker process 35 exited with code 0
2023/11/11 11:21:25 [notice] 1#1: signal 29 (SIGIO) received
2023/11/11 11:21:25 [notice] 1#1: signal 17 (SIGCHLD) received from 35
2023/11/11 11:21:25 [notice] 1#1: worker process 38 exited with code 0
2023/11/11 11:21:25 [notice] 1#1: worker process 36 exited with code 0
2023/11/11 11:21:25 [notice] 1#1: worker process 29 exited with code 0
2023/11/11 11:21:25 [notice] 1#1: worker process 39 exited with code 0
2023/11/11 11:21:25 [notice] 1#1: signal 29 (SIGIO) received
2023/11/11 11:21:25 [notice] 1#1: signal 17 (SIGCHLD) received from 36
2023/11/11 11:21:25 [notice] 1#1: worker process 34 exited with code 0
2023/11/11 11:21:25 [notice] 1#1: signal 17 (SIGCHLD) received from 32
2023/11/11 11:21:25 [notice] 1#1: worker process 32 exited with code 0
2023/11/11 11:21:25 [notice] 1#1: exit
2023/11/11 11:22:01 [notice] 1#1: using the "epoll" event method
2023/11/11 11:22:01 [notice] 1#1: nginx/1.25.3
2023/11/11 11:22:01 [notice] 1#1: built by gcc 12.2.0 (Debian 12.2.0-14) 
2023/11/11 11:22:01 [notice] 1#1: OS: Linux 5.15.90.1-microsoft-standard-WSL2
2023/11/11 11:22:01 [notice] 1#1: getrlimit(RLIMIT_NOFILE): 1048576:1048576
2023/11/11 11:22:01 [notice] 1#1: start worker processes
2023/11/11 11:22:01 [notice] 1#1: start worker process 28
2023/11/11 11:22:01 [notice] 1#1: start worker process 29
2023/11/11 11:22:01 [notice] 1#1: start worker process 30
2023/11/11 11:22:01 [notice] 1#1: start worker process 31
2023/11/11 11:22:01 [notice] 1#1: start worker process 32
2023/11/11 11:22:01 [notice] 1#1: start worker process 33
2023/11/11 11:22:01 [notice] 1#1: start worker process 34
2023/11/11 11:22:01 [notice] 1#1: start worker process 35
2023/11/11 11:22:01 [notice] 1#1: start worker process 36
2023/11/11 11:22:01 [notice] 1#1: start worker process 37
2023/11/11 11:22:01 [notice] 1#1: start worker process 38
2023/11/11 11:22:01 [notice] 1#1: start worker process 39
2023/11/11 11:29:39 [notice] 1#1: signal 3 (SIGQUIT) received, shutting down
2023/11/11 11:29:39 [notice] 28#28: gracefully shutting down
2023/11/11 11:29:39 [notice] 29#29: gracefully shutting down
2023/11/11 11:29:39 [notice] 28#28: exiting
2023/11/11 11:29:39 [notice] 31#31: gracefully shutting down
2023/11/11 11:29:39 [notice] 30#30: gracefully shutting down
2023/11/11 11:29:39 [notice] 29#29: exiting
2023/11/11 11:29:39 [notice] 31#31: exiting
2023/11/11 11:29:39 [notice] 30#30: exiting
2023/11/11 11:29:39 [notice] 34#34: gracefully shutting down
2023/11/11 11:29:39 [notice] 33#33: gracefully shutting down
2023/11/11 11:29:39 [notice] 35#35: gracefully shutting down
2023/11/11 11:29:39 [notice] 34#34: exiting
2023/11/11 11:29:39 [notice] 37#37: gracefully shutting down
2023/11/11 11:29:39 [notice] 28#28: exit
2023/11/11 11:29:39 [notice] 35#35: exiting
2023/11/11 11:29:39 [notice] 29#29: exit
2023/11/11 11:29:39 [notice] 33#33: exiting
2023/11/11 11:29:39 [notice] 31#31: exit
2023/11/11 11:29:39 [notice] 30#30: exit
2023/11/11 11:29:39 [notice] 39#39: gracefully shutting down
2023/11/11 11:29:39 [notice] 37#37: exiting
2023/11/11 11:29:39 [notice] 34#34: exit
2023/11/11 11:29:39 [notice] 39#39: exiting
2023/11/11 11:29:39 [notice] 33#33: exit
2023/11/11 11:29:39 [notice] 35#35: exit
2023/11/11 11:29:39 [notice] 37#37: exit
2023/11/11 11:29:39 [notice] 39#39: exit
2023/11/11 11:29:39 [notice] 32#32: gracefully shutting down
2023/11/11 11:29:39 [notice] 32#32: exiting
2023/11/11 11:29:39 [notice] 32#32: exit
2023/11/11 11:29:39 [notice] 38#38: gracefully shutting down
2023/11/11 11:29:39 [notice] 36#36: gracefully shutting down
2023/11/11 11:29:39 [notice] 38#38: exiting
2023/11/11 11:29:39 [notice] 36#36: exiting
2023/11/11 11:29:39 [notice] 38#38: exit
2023/11/11 11:29:39 [notice] 36#36: exit
2023/11/11 11:29:39 [notice] 1#1: signal 17 (SIGCHLD) received from 29
2023/11/11 11:29:39 [notice] 1#1: worker process 29 exited with code 0
2023/11/11 11:29:39 [notice] 1#1: signal 29 (SIGIO) received
2023/11/11 11:29:39 [notice] 1#1: signal 17 (SIGCHLD) received from 30
2023/11/11 11:29:39 [notice] 1#1: worker process 30 exited with code 0
2023/11/11 11:29:39 [notice] 1#1: worker process 31 exited with code 0
2023/11/11 11:29:39 [notice] 1#1: worker process 34 exited with code 0
2023/11/11 11:29:39 [notice] 1#1: worker process 37 exited with code 0
2023/11/11 11:29:39 [notice] 1#1: worker process 39 exited with code 0
2023/11/11 11:29:39 [notice] 1#1: worker process 32 exited with code 0
2023/11/11 11:29:39 [notice] 1#1: signal 29 (SIGIO) received
2023/11/11 11:29:39 [notice] 1#1: signal 17 (SIGCHLD) received from 31
2023/11/11 11:29:39 [notice] 1#1: worker process 28 exited with code 0
2023/11/11 11:29:39 [notice] 1#1: worker process 36 exited with code 0
2023/11/11 11:29:39 [notice] 1#1: signal 29 (SIGIO) received
2023/11/11 11:29:39 [notice] 1#1: signal 17 (SIGCHLD) received from 35
2023/11/11 11:29:39 [notice] 1#1: worker process 35 exited with code 0
2023/11/11 11:29:39 [notice] 1#1: worker process 38 exited with code 0
2023/11/11 11:29:39 [notice] 1#1: signal 29 (SIGIO) received
2023/11/11 11:29:39 [notice] 1#1: signal 17 (SIGCHLD) received from 33
2023/11/11 11:29:39 [notice] 1#1: worker process 33 exited with code 0
2023/11/11 11:29:39 [notice] 1#1: exit
2023/11/12 01:50:06 [notice] 1#1: using the "epoll" event method
2023/11/12 01:50:06 [notice] 1#1: nginx/1.25.3
2023/11/12 01:50:06 [notice] 1#1: built by gcc 12.2.0 (Debian 12.2.0-14) 
2023/11/12 01:50:06 [notice] 1#1: OS: Linux 5.15.90.1-microsoft-standard-WSL2
2023/11/12 01:50:06 [notice] 1#1: getrlimit(RLIMIT_NOFILE): 1048576:1048576
2023/11/12 01:50:06 [notice] 1#1: start worker processes
2023/11/12 01:50:06 [notice] 1#1: start worker process 28
2023/11/12 01:50:06 [notice] 1#1: start worker process 29
2023/11/12 01:50:06 [notice] 1#1: start worker process 30
2023/11/12 01:50:06 [notice] 1#1: start worker process 31
2023/11/12 01:50:06 [notice] 1#1: start worker process 32
2023/11/12 01:50:06 [notice] 1#1: start worker process 33
2023/11/12 01:50:06 [notice] 1#1: start worker process 34
2023/11/12 01:50:06 [notice] 1#1: start worker process 35
2023/11/12 01:50:06 [notice] 1#1: start worker process 36
2023/11/12 01:50:06 [notice] 1#1: start worker process 37
2023/11/12 01:50:06 [notice] 1#1: start worker process 38
2023/11/12 01:50:06 [notice] 1#1: start worker process 39
2023/11/12 01:58:05 [notice] 1#1: signal 3 (SIGQUIT) received, shutting down
2023/11/12 01:58:05 [notice] 28#28: gracefully shutting down
2023/11/12 01:58:05 [notice] 29#29: gracefully shutting down
2023/11/12 01:58:05 [notice] 30#30: gracefully shutting down
2023/11/12 01:58:05 [notice] 28#28: exiting
2023/11/12 01:58:05 [notice] 29#29: exiting
2023/11/12 01:58:05 [notice] 31#31: gracefully shutting down
2023/11/12 01:58:05 [notice] 32#32: gracefully shutting down
2023/11/12 01:58:05 [notice] 30#30: exiting
2023/11/12 01:58:05 [notice] 33#33: gracefully shutting down
2023/11/12 01:58:05 [notice] 35#35: gracefully shutting down
2023/11/12 01:58:05 [notice] 31#31: exiting
2023/11/12 01:58:05 [notice] 32#32: exiting
2023/11/12 01:58:05 [notice] 29#29: exit
2023/11/12 01:58:05 [notice] 28#28: exit
2023/11/12 01:58:05 [notice] 33#33: exiting
2023/11/12 01:58:05 [notice] 35#35: exiting
2023/11/12 01:58:05 [notice] 30#30: exit
2023/11/12 01:58:05 [notice] 32#32: exit
2023/11/12 01:58:05 [notice] 31#31: exit
2023/11/12 01:58:05 [notice] 35#35: exit
2023/11/12 01:58:05 [notice] 33#33: exit
2023/11/12 01:58:05 [notice] 34#34: gracefully shutting down
2023/11/12 01:58:05 [notice] 34#34: exiting
2023/11/12 01:58:05 [notice] 38#38: gracefully shutting down
2023/11/12 01:58:05 [notice] 37#37: gracefully shutting down
2023/11/12 01:58:05 [notice] 34#34: exit
2023/11/12 01:58:05 [notice] 39#39: gracefully shutting down
2023/11/12 01:58:05 [notice] 38#38: exiting
2023/11/12 01:58:05 [notice] 37#37: exiting
2023/11/12 01:58:05 [notice] 39#39: exiting
2023/11/12 01:58:05 [notice] 38#38: exit
2023/11/12 01:58:05 [notice] 37#37: exit
2023/11/12 01:58:05 [notice] 39#39: exit
2023/11/12 01:58:05 [notice] 36#36: gracefully shutting down
2023/11/12 01:58:05 [notice] 36#36: exiting
2023/11/12 01:58:05 [notice] 36#36: exit
2023/11/12 01:58:05 [notice] 1#1: signal 17 (SIGCHLD) received from 31
2023/11/12 01:58:05 [notice] 1#1: worker process 31 exited with code 0
2023/11/12 01:58:05 [notice] 1#1: signal 29 (SIGIO) received
2023/11/12 01:58:05 [notice] 1#1: signal 17 (SIGCHLD) received from 32
2023/11/12 01:58:05 [notice] 1#1: worker process 32 exited with code 0
2023/11/12 01:58:05 [notice] 1#1: worker process 30 exited with code 0
2023/11/12 01:58:05 [notice] 1#1: worker process 33 exited with code 0
2023/11/12 01:58:05 [notice] 1#1: signal 29 (SIGIO) received
2023/11/12 01:58:05 [notice] 1#1: signal 17 (SIGCHLD) received from 30
2023/11/12 01:58:05 [notice] 1#1: worker process 34 exited with code 0
2023/11/12 01:58:05 [notice] 1#1: worker process 36 exited with code 0
2023/11/12 01:58:05 [notice] 1#1: signal 29 (SIGIO) received
2023/11/12 01:58:05 [notice] 1#1: signal 17 (SIGCHLD) received from 35
2023/11/12 01:58:05 [notice] 1#1: worker process 35 exited with code 0
2023/11/12 01:58:05 [notice] 1#1: signal 29 (SIGIO) received
2023/11/12 01:58:05 [notice] 1#1: signal 17 (SIGCHLD) received from 39
2023/11/12 01:58:05 [notice] 1#1: worker process 39 exited with code 0
2023/11/12 01:58:05 [notice] 1#1: worker process 37 exited with code 0
2023/11/12 01:58:05 [notice] 1#1: worker process 38 exited with code 0
2023/11/12 01:58:05 [notice] 1#1: signal 29 (SIGIO) received
2023/11/12 01:58:05 [notice] 1#1: signal 17 (SIGCHLD) received from 37
2023/11/12 01:58:05 [notice] 1#1: worker process 28 exited with code 0
2023/11/12 01:58:05 [notice] 1#1: signal 29 (SIGIO) received
2023/11/12 01:58:05 [notice] 1#1: signal 17 (SIGCHLD) received from 28
2023/11/12 01:58:05 [notice] 1#1: signal 17 (SIGCHLD) received from 29
2023/11/12 01:58:05 [notice] 1#1: worker process 29 exited with code 0
2023/11/12 01:58:05 [notice] 1#1: exit
2023/11/12 02:16:45 [notice] 1#1: using the "epoll" event method
2023/11/12 02:16:45 [notice] 1#1: nginx/1.25.3
2023/11/12 02:16:45 [notice] 1#1: built by gcc 12.2.0 (Debian 12.2.0-14) 
2023/11/12 02:16:45 [notice] 1#1: OS: Linux 5.15.90.1-microsoft-standard-WSL2
2023/11/12 02:16:45 [notice] 1#1: getrlimit(RLIMIT_NOFILE): 1048576:1048576
2023/11/12 02:16:45 [notice] 1#1: start worker processes
2023/11/12 02:16:45 [notice] 1#1: start worker process 28
2023/11/12 02:16:45 [notice] 1#1: start worker process 29
2023/11/12 02:16:45 [notice] 1#1: start worker process 30
2023/11/12 02:16:45 [notice] 1#1: start worker process 31
2023/11/12 02:16:45 [notice] 1#1: start worker process 32
2023/11/12 02:16:45 [notice] 1#1: start worker process 33
2023/11/12 02:16:45 [notice] 1#1: start worker process 34
2023/11/12 02:16:45 [notice] 1#1: start worker process 35
2023/11/12 02:16:45 [notice] 1#1: start worker process 36
2023/11/12 02:16:45 [notice] 1#1: start worker process 37
2023/11/12 02:16:45 [notice] 1#1: start worker process 38
2023/11/12 02:16:45 [notice] 1#1: start worker process 39
